<?xml version="1.0" encoding="UTF-8"?>
<coverage generated="1773929477485" clover="3.2.0">
  <project timestamp="1773929477485" name="All files">
    <metrics statements="15" coveredstatements="15" conditionals="9" coveredconditionals="7" methods="6" coveredmethods="6" elements="30" coveredelements="28" complexity="0" loc="15" ncloc="15" packages="1" files="2" classes="2"/>
    <file name="models.js" path="C:\Users\garay\OneDrive\Documentos\5° Cuatrimestre\METRICAS\2° PARCIAL\20243L601100_sistema-produccion\sistema-produccion\sistema-produccion\src\models.js">
      <metrics statements="13" coveredstatements="13" conditionals="9" coveredconditionals="7" methods="5" coveredmethods="5"/>
      <line num="3" count="11" type="stmt"/>
      <line num="4" count="11" type="stmt"/>
      <line num="5" count="11" type="stmt"/>
      <line num="6" count="11" type="stmt"/>
      <line num="7" count="11" type="stmt"/>
      <line num="8" count="11" type="stmt"/>
      <line num="12" count="5" type="cond" truecount="2" falsecount="0"/>
      <line num="13" count="4" type="cond" truecount="2" falsecount="0"/>
      <line num="14" count="3" type="stmt"/>
      <line num="18" count="2" type="cond" truecount="2" falsecount="0"/>
      <line num="19" count="1" type="stmt"/>
      <line num="23" count="1" type="cond" truecount="1" falsecount="1"/>
      <line num="27" count="1" type="stmt"/>
    </file>
    <file name="service.js" path="C:\Users\garay\OneDrive\Documentos\5° Cuatrimestre\METRICAS\2° PARCIAL\20243L601100_sistema-produccion\sistema-produccion\sistema-produccion\src\service.js">
      <metrics statements="2" coveredstatements="2" conditionals="0" coveredconditionals="0" methods="1" coveredmethods="1"/>
      <line num="3" count="1" type="stmt"/>
      <line num="14" count="3" type="stmt"/>
    </file>
  </project>
</coverage>
