{"C:\\Users\\garay\\OneDrive\\Documentos\\5° Cuatrimestre\\METRICAS\\2° PARCIAL\\20243L601100_sistema-produccion\\sistema-produccion\\sistema-produccion\\src\\models.js": {"path":"C:\\Users\\garay\\OneDrive\\Documentos\\5° Cuatrimestre\\METRICAS\\2° PARCIAL\\20243L601100_sistema-produccion\\sistema-produccion\\sistema-produccion\\src\\models.js","statementMap":{"0":{"start":{"line":3,"column":4},"end":{"line":3,"column":17}},"1":{"start":{"line":4,"column":4},"end":{"line":4,"column":29}},"2":{"start":{"line":5,"column":4},"end":{"line":5,"column":29}},"3":{"start":{"line":6,"column":4},"end":{"line":6,"column":31}},"4":{"start":{"line":7,"column":4},"end":{"line":7,"column":43}},"5":{"start":{"line":8,"column":4},"end":{"line":8,"column":30}},"6":{"start":{"line":12,"column":4},"end":{"line":12,"column":74}},"7":{"start":{"line":12,"column":30},"end":{"line":12,"column":74}},"8":{"start":{"line":13,"column":4},"end":{"line":13,"column":76}},"9":{"start":{"line":13,"column":40},"end":{"line":13,"column":76}},"10":{"start":{"line":14,"column":4},"end":{"line":14,"column":31}},"11":{"start":{"line":18,"column":4},"end":{"line":18,"column":76}},"12":{"start":{"line":18,"column":38},"end":{"line":18,"column":76}},"13":{"start":{"line":19,"column":4},"end":{"line":19,"column":31}},"14":{"start":{"line":23,"column":4},"end":{"line":23,"column":49}},"15":{"start":{"line":27,"column":4},"end":{"line":27,"column":50}}},"fnMap":{"0":{"name":"(anonymous_0)","decl":{"start":{"line":2,"column":2},"end":{"line":2,"column":3}},"loc":{"start":{"line":2,"column":74},"end":{"line":9,"column":3}},"line":2},"1":{"name":"(anonymous_1)","decl":{"start":{"line":11,"column":2},"end":{"line":11,"column":3}},"loc":{"start":{"line":11,"column":12},"end":{"line":15,"column":3}},"line":11},"2":{"name":"(anonymous_2)","decl":{"start":{"line":17,"column":2},"end":{"line":17,"column":3}},"loc":{"start":{"line":17,"column":14},"end":{"line":20,"column":3}},"line":17},"3":{"name":"(anonymous_3)","decl":{"start":{"line":22,"column":2},"end":{"line":22,"column":3}},"loc":{"start":{"line":22,"column":19},"end":{"line":24,"column":3}},"line":22},"4":{"name":"(anonymous_4)","decl":{"start":{"line":26,"column":2},"end":{"line":26,"column":3}},"loc":{"start":{"line":26,"column":22},"end":{"line":28,"column":3}},"line":26}},"branchMap":{"0":{"loc":{"start":{"line":2,"column":49},"end":{"line":2,"column":72}},"type":"default-arg","locations":[{"start":{"line":2,"column":67},"end":{"line":2,"column":72}}],"line":2},"1":{"loc":{"start":{"line":12,"column":4},"end":{"line":12,"column":74}},"type":"if","locations":[{"start":{"line":12,"column":4},"end":{"line":12,"column":74}},{"start":{},"end":{}}],"line":12},"2":{"loc":{"start":{"line":13,"column":4},"end":{"line":13,"column":76}},"type":"if","locations":[{"start":{"line":13,"column":4},"end":{"line":13,"column":76}},{"start":{},"end":{}}],"line":13},"3":{"loc":{"start":{"line":18,"column":4},"end":{"line":18,"column":76}},"type":"if","locations":[{"start":{"line":18,"column":4},"end":{"line":18,"column":76}},{"start":{},"end":{}}],"line":18},"4":{"loc":{"start":{"line":23,"column":11},"end":{"line":23,"column":48}},"type":"cond-expr","locations":[{"start":{"line":23,"column":33},"end":{"line":23,"column":39}},{"start":{"line":23,"column":42},"end":{"line":23,"column":48}}],"line":23}},"s":{"0":11,"1":11,"2":11,"3":11,"4":11,"5":11,"6":5,"7":1,"8":4,"9":1,"10":3,"11":2,"12":1,"13":1,"14":1,"15":1},"f":{"0":11,"1":5,"2":2,"3":1,"4":1},"b":{"0":[0],"1":[1,4],"2":[1,3],"3":[1,1],"4":[1,0]},"_coverageSchema":"1a1c01bbd47fc00a2c39e90264f33305004495a9","hash":"64d319a7238d3d50d0b904e935b016d49ec8dd54"}
,"C:\\Users\\garay\\OneDrive\\Documentos\\5° Cuatrimestre\\METRICAS\\2° PARCIAL\\20243L601100_sistema-produccion\\sistema-produccion\\sistema-produccion\\src\\service.js": {"path":"C:\\Users\\garay\\OneDrive\\Documentos\\5° Cuatrimestre\\METRICAS\\2° PARCIAL\\20243L601100_sistema-produccion\\sistema-produccion\\sistema-produccion\\src\\service.js","statementMap":{"0":{"start":{"line":3,"column":28},"end":{"line":16,"column":1}},"1":{"start":{"line":14,"column":4},"end":{"line":14,"column":24}}},"fnMap":{"0":{"name":"(anonymous_0)","decl":{"start":{"line":13,"column":2},"end":{"line":13,"column":3}},"loc":{"start":{"line":13,"column":15},"end":{"line":15,"column":3}},"line":13}},"branchMap":{},"s":{"0":1,"1":3},"f":{"0":3},"b":{},"_coverageSchema":"1a1c01bbd47fc00a2c39e90264f33305004495a9","hash":"5a3b40458731c48fb8f93514280e68cc1763e861"}
}
