TN:
SF:src\models.js
FN:2,(anonymous_0)
FN:11,(anonymous_1)
FN:17,(anonymous_2)
FN:22,(anonymous_3)
FN:26,(anonymous_4)
FNF:5
FNH:5
FNDA:11,(anonymous_0)
FNDA:5,(anonymous_1)
FNDA:2,(anonymous_2)
FNDA:1,(anonymous_3)
FNDA:1,(anonymous_4)
DA:3,11
DA:4,11
DA:5,11
DA:6,11
DA:7,11
DA:8,11
DA:12,5
DA:13,4
DA:14,3
DA:18,2
DA:19,1
DA:23,1
DA:27,1
LF:13
LH:13
BRDA:2,0,0,0
BRDA:12,1,0,1
BRDA:12,1,1,4
BRDA:13,2,0,1
BRDA:13,2,1,3
BRDA:18,3,0,1
BRDA:18,3,1,1
BRDA:23,4,0,1
BRDA:23,4,1,0
BRF:9
BRH:7
end_of_record
TN:
SF:src\service.js
FN:13,(anonymous_0)
FNF:1
FNH:1
FNDA:3,(anonymous_0)
DA:3,1
DA:14,3
LF:2
LH:2
BRF:0
BRH:0
end_of_record
